{
  "stats": {
    "suites": 1,
    "tests": 3,
    "passes": 1,
    "pending": 0,
    "failures": 2,
    "start": "2020-08-10T12:51:41.653Z",
    "end": "2020-08-10T12:52:26.072Z",
    "duration": 44419,
    "testsRegistered": 3,
    "passPercent": 33.33333333333333,
    "pendingPercent": 0,
    "other": 0,
    "hasOther": false,
    "skipped": 0,
    "hasSkipped": false
  },
  "results": [
    {
      "uuid": "710a55f0-19ac-4546-9463-fc1e69a4d42b",
      "title": "",
      "fullFile": "cypress\\integration\\dasa_test.js",
      "file": "cypress\\integration\\dasa_test.js",
      "beforeHooks": [],
      "afterHooks": [],
      "tests": [],
      "suites": [
        {
          "uuid": "3810dcc2-9ef5-4259-b9fb-8735318d51d9",
          "title": "Dado que eu acesso a site institucional Dasa",
          "fullFile": "",
          "file": "",
          "beforeHooks": [],
          "afterHooks": [],
          "tests": [
            {
              "title": "Quando seleciono o link Nossas Marcas",
              "fullTitle": "Dado que eu acesso a site institucional Dasa Quando seleciono o link Nossas Marcas",
              "timedOut": null,
              "duration": 17326,
              "state": "passed",
              "speed": "slow",
              "pass": true,
              "fail": false,
              "pending": false,
              "context": "\"../screenshots/dasa_test.js/Dado que eu acesso a site institucional Dasa -- Quando seleciono o link Nossas Marcas.png\"",
              "code": "homePage.sel_marcas();",
              "err": {},
              "uuid": "dbdd12a6-0fb7-4b38-9459-2bb0a41aa258",
              "parentUUID": "3810dcc2-9ef5-4259-b9fb-8735318d51d9",
              "isHook": false,
              "skipped": false
            },
            {
              "title": "E pesquiso laboratorio localizados em São Paulo",
              "fullTitle": "Dado que eu acesso a site institucional Dasa E pesquiso laboratorio localizados em São Paulo",
              "timedOut": null,
              "duration": 14275,
              "state": "failed",
              "speed": null,
              "pass": false,
              "fail": true,
              "pending": false,
              "context": "\"../screenshots/dasa_test.js/Dado que eu acesso a site institucional Dasa -- E pesquiso laboratorio localizados em São Paulo (failed).png\"",
              "code": "cy.get('.active > .content--overlay > .overlay--link > a').invoke('attr', 'href').then(function (hrefLink) {\n  //console.log(values)\n  cy.request({\n    method: 'GET',\n    url: hrefLink,\n    headers: {},\n    body: {},\n    resp: []\n  }).then(function (resp) {\n    expect(resp).property('status').to.equal(200);\n    console.log(resp.body);\n  });\n});\nnossasMarcas.imprime_labs_sp();",
              "err": {
                "message": "AssertionError: Timed out retrying: Expected to find element: `.active > .content--overlay > .overlay--link > a`, but never found it.",
                "estack": "AssertionError: Timed out retrying: Expected to find element: `.active > .content--overlay > .overlay--link > a`, but never found it.\n    at Context.eval (https://dasa.com.br/__cypress/tests?p=cypress\\integration\\dasa_test.js:44:8)",
                "diff": null
              },
              "uuid": "eed106a9-cd58-46a9-8630-54cf8d45bdba",
              "parentUUID": "3810dcc2-9ef5-4259-b9fb-8735318d51d9",
              "isHook": false,
              "skipped": false
            },
            {
              "title": "E seleciono o laboratorio Delboni Auriemo",
              "fullTitle": "Dado que eu acesso a site institucional Dasa E seleciono o laboratorio Delboni Auriemo",
              "timedOut": null,
              "duration": 12300,
              "state": "failed",
              "speed": null,
              "pass": false,
              "fail": true,
              "pending": false,
              "context": "\"../screenshots/dasa_test.js/Dado que eu acesso a site institucional Dasa -- E seleciono o laboratorio Delboni Auriemo (failed).png\"",
              "code": "nossasMarcas.clicaLab(Lab);\nnossasMarcas.valida_lab();",
              "err": {
                "message": "AssertionError: Timed out retrying: Expected to find element: `img[alt=\"Delboni Auriemo\"]`, but never found it.",
                "estack": "AssertionError: Timed out retrying: Expected to find element: `img[alt=\"Delboni Auriemo\"]`, but never found it.\n    at Object.clicaLab (https://dasa.com.br/__cypress/tests?p=cypress\\integration\\dasa_test.js:118:6)\n    at Context.eval (https://dasa.com.br/__cypress/tests?p=cypress\\integration\\dasa_test.js:60:18)",
                "diff": null
              },
              "uuid": "2bb8d37d-bd81-498e-99eb-8b269e3b8e64",
              "parentUUID": "3810dcc2-9ef5-4259-b9fb-8735318d51d9",
              "isHook": false,
              "skipped": false
            }
          ],
          "suites": [],
          "passes": [
            "dbdd12a6-0fb7-4b38-9459-2bb0a41aa258"
          ],
          "failures": [
            "eed106a9-cd58-46a9-8630-54cf8d45bdba",
            "2bb8d37d-bd81-498e-99eb-8b269e3b8e64"
          ],
          "pending": [],
          "skipped": [],
          "duration": 43901,
          "root": false,
          "rootEmpty": false,
          "_timeout": 2000
        }
      ],
      "passes": [],
      "failures": [],
      "pending": [],
      "skipped": [],
      "duration": 0,
      "root": true,
      "rootEmpty": true,
      "_timeout": 2000
    }
  ],
  "meta": {
    "mocha": {
      "version": "7.0.1"
    },
    "mochawesome": {
      "options": {
        "quiet": false,
        "reportFilename": "mochawesome",
        "saveHtml": true,
        "saveJson": true,
        "consoleReporter": "spec",
        "useInlineDiffs": false
      },
      "version": "4.1.0"
    },
    "marge": {
      "options": {
        "reportDir": "cypress/reports",
        "reportName": "Relatório Dasa",
        "reportTitle": "Report Title Test",
        "reportPageTitle": "Título da Página",
        "defaultCommandTimeout": 100000,
        "pageLoadTimeout": 900000,
        "viewportWidth": 1200,
        "requestTimeout": 90000,
        "viewportHeight": 860,
        "takePassedScreenshot": true,
        "clearOldScreenshots": true,
        "shortScrFileNames": false,
        "jsonReport": false,
        "multiReport": false,
        "timestamp": "mmddyyyy_HHMMss"
      },
      "version": "4.1.0"
    }
  }
}