{
  "stats": {
    "suites": 1,
    "tests": 0,
    "passes": 0,
    "pending": 0,
    "failures": 0,
    "start": "2020-08-10T05:01:15.789Z",
    "end": "2020-08-10T05:02:24.730Z",
    "duration": 68941,
    "testsRegistered": 1,
    "passPercent": 0,
    "pendingPercent": 0,
    "other": 1,
    "hasOther": true,
    "skipped": 1,
    "hasSkipped": true
  },
  "results": [
    {
      "uuid": "70b0c401-959b-436a-9170-74cee9e5b6f7",
      "title": "",
      "fullFile": "cypress\\integration\\dasa_test.js",
      "file": "cypress\\integration\\dasa_test.js",
      "beforeHooks": [],
      "afterHooks": [],
      "tests": [],
      "suites": [
        {
          "uuid": "e99065ee-f7f5-43c0-8c8a-9645caa3b1a8",
          "title": "Desafio Dasa",
          "fullFile": "",
          "file": "",
          "beforeHooks": [],
          "afterHooks": [],
          "tests": [
            {
              "title": "Deve direcionar para laboratório especifico",
              "fullTitle": "Desafio Dasa Deve direcionar para laboratório especifico",
              "timedOut": null,
              "duration": 67491,
              "state": "failed",
              "speed": null,
              "pass": false,
              "fail": true,
              "pending": false,
              "context": "\"../screenshots/dasa_test.js/Desafio Dasa -- Deve direcionar para laboratório especifico (failed).png\"",
              "code": "homePage.sel_marcas();\nhomePage.imprime_labs_sp();\nhomePage.clicaLab(Lab);\nhomePage.valida_lab(); //homePage.clica_link_page_lab()\ncy.get('.active > .content--overlay > .overlay--link > a').invoke('attr', 'href').then(function (hrefLink) {\n  //console.log(values)\n  cy.request({\n    method: 'GET',\n    url: hrefLink,\n    headers: {},\n    body: {},\n    resp: []\n  }).then(function (resp) {\n    expect(resp).property('status').to.equal(200);\n    console.log(resp.body);\n  });\n});",
              "err": {
                "message": "CypressError: Timed out after waiting `60000ms` for your remote page to load.\n\nYour page did not fire its `load` event within `60000ms`.\n\nYou can try increasing the `pageLoadTimeout` value in `cypress.json` to wait longer.\n\nBrowsers will not fire the `load` event until all stylesheets and scripts are done downloading.\n\nWhen this `load` event occurs, Cypress will continue running commands.\n\nBecause this error occurred during a `before each` hook we are skipping the remaining tests in the current suite: `Desafio Dasa`",
                "estack": "CypressError: Timed out after waiting `60000ms` for your remote page to load.\n\nYour page did not fire its `load` event within `60000ms`.\n\nYou can try increasing the `pageLoadTimeout` value in `cypress.json` to wait longer.\n\nBrowsers will not fire the `load` event until all stylesheets and scripts are done downloading.\n\nWhen this `load` event occurs, Cypress will continue running commands.\n\nBecause this error occurred during a `before each` hook we are skipping the remaining tests in the current suite: `Desafio Dasa`\n    at timedOutWaitingForPageLoad (https://dasa.com.br/__cypress/runner/cypress_runner.js:155998:13)\n    at https://dasa.com.br/__cypress/runner/cypress_runner.js:156974:16\n    at tryCatcher (https://dasa.com.br/__cypress/runner/cypress_runner.js:9956:23)\n    at https://dasa.com.br/__cypress/runner/cypress_runner.js:5078:41\n    at tryCatcher (https://dasa.com.br/__cypress/runner/cypress_runner.js:9956:23)\n    at Promise._settlePromiseFromHandler (https://dasa.com.br/__cypress/runner/cypress_runner.js:7891:31)\n    at Promise._settlePromise (https://dasa.com.br/__cypress/runner/cypress_runner.js:7948:18)\n    at Promise._settlePromise0 (https://dasa.com.br/__cypress/runner/cypress_runner.js:7993:10)\n    at Promise._settlePromises (https://dasa.com.br/__cypress/runner/cypress_runner.js:8069:18)\n    at _drainQueueStep (https://dasa.com.br/__cypress/runner/cypress_runner.js:4663:12)\n    at _drainQueue (https://dasa.com.br/__cypress/runner/cypress_runner.js:4656:9)\n    at Async.../../node_modules/bluebird/js/release/async.js.Async._drainQueues (https://dasa.com.br/__cypress/runner/cypress_runner.js:4672:5)\n    at Async.drainQueues (https://dasa.com.br/__cypress/runner/cypress_runner.js:4542:14)\nFrom Your Spec Code:\n    at Context.eval (https://dasa.com.br/__cypress/tests?p=cypress\\integration\\dasa_test.js:78:15)",
                "diff": null
              },
              "uuid": "57c4e465-f5bf-4711-8cdc-84e874ed6537",
              "parentUUID": "e99065ee-f7f5-43c0-8c8a-9645caa3b1a8",
              "isHook": false,
              "skipped": false
            }
          ],
          "suites": [],
          "passes": [],
          "failures": [
            "57c4e465-f5bf-4711-8cdc-84e874ed6537"
          ],
          "pending": [],
          "skipped": [],
          "duration": 67491,
          "root": false,
          "rootEmpty": false,
          "_timeout": 2000
        }
      ],
      "passes": [],
      "failures": [],
      "pending": [],
      "skipped": [],
      "duration": 0,
      "root": true,
      "rootEmpty": true,
      "_timeout": 2000
    }
  ],
  "meta": {
    "mocha": {
      "version": "7.0.1"
    },
    "mochawesome": {
      "options": {
        "quiet": false,
        "reportFilename": "mochawesome",
        "saveHtml": true,
        "saveJson": true,
        "consoleReporter": "spec",
        "useInlineDiffs": false
      },
      "version": "4.1.0"
    },
    "marge": {
      "options": {
        "reportDir": "cypress/reports",
        "reportName": "Relatório Dasa",
        "reportTitle": "Report Title Test",
        "reportPageTitle": "Título da Página",
        "defaultCommandTimeout": 100000,
        "pageLoadTimeout": 900000,
        "viewportWidth": 1200,
        "requestTimeout": 90000,
        "viewportHeight": 860,
        "takePassedScreenshot": true,
        "clearOldScreenshots": true,
        "shortScrFileNames": false,
        "jsonReport": false,
        "multiReport": false,
        "timestamp": "mmddyyyy_HHMMss"
      },
      "version": "4.1.0"
    }
  }
}