{
  "stats": {
    "suites": 1,
    "tests": 1,
    "passes": 1,
    "pending": 0,
    "failures": 0,
    "start": "2020-08-10T13:38:32.581Z",
    "end": "2020-08-10T13:38:35.458Z",
    "duration": 2877,
    "testsRegistered": 2,
    "passPercent": 50,
    "pendingPercent": 0,
    "other": 1,
    "hasOther": true,
    "skipped": 1,
    "hasSkipped": true
  },
  "results": [
    {
      "uuid": "e832e217-0e66-41b9-a3f9-f204abf2d357",
      "title": "",
      "fullFile": "cypress\\integration\\dasa_test.js",
      "file": "cypress\\integration\\dasa_test.js",
      "beforeHooks": [],
      "afterHooks": [],
      "tests": [],
      "suites": [
        {
          "uuid": "29eac57c-440d-4345-aa55-4bdc8d2aace3",
          "title": "Desafio Dasa - Deve direcionar para laboratório especifico",
          "fullFile": "",
          "file": "",
          "beforeHooks": [],
          "afterHooks": [],
          "tests": [
            {
              "title": "Dado que eu acesso a site institucional Dasa",
              "fullTitle": "Desafio Dasa - Deve direcionar para laboratório especifico Dado que eu acesso a site institucional Dasa",
              "timedOut": null,
              "duration": 1526,
              "state": "passed",
              "speed": "slow",
              "pass": true,
              "fail": false,
              "pending": false,
              "context": "\"../screenshots/dasa_test.js/Desafio Dasa - Deve direcionar para laboratório especifico -- Dado que eu acesso a site institucional Dasa.png\"",
              "code": "homePage.visita();",
              "err": {},
              "uuid": "3fcc6c3d-8833-4a65-bf1f-34a32e1f517f",
              "parentUUID": "29eac57c-440d-4345-aa55-4bdc8d2aace3",
              "isHook": false,
              "skipped": false
            },
            {
              "title": "Quando seleciono o link Nossas Marcas",
              "fullTitle": "Desafio Dasa - Deve direcionar para laboratório especifico Quando seleciono o link Nossas Marcas",
              "timedOut": null,
              "duration": 1194,
              "state": "failed",
              "speed": null,
              "pass": false,
              "fail": true,
              "pending": false,
              "context": "\"../screenshots/dasa_test.js/Desafio Dasa - Deve direcionar para laboratório especifico -- Quando seleciono o link Nossas Marcas (failed).png\"",
              "code": "homePage.sel_marcas();\nnossasMarcas.imprime_labs_sp();\nnossasMarcas.clicaLab(Lab);\nnossasMarcas.valida_lab(); //homePage.clica_link_page_lab()\ncy.get('.active > .content--overlay > .overlay--link > a').invoke('attr', 'href').then(function (hrefLink) {\n  //console.log(values)\n  cy.request({\n    method: 'GET',\n    url: hrefLink,\n    headers: {},\n    body: {},\n    resp: []\n  }).then(function (resp) {\n    expect(resp).property('status').to.equal(200);\n    console.log(resp.body);\n  });\n});",
              "err": {
                "message": "TypeError: Cannot read property 'addCommand' of undefined\n\nBecause this error occurred during a `before each` hook we are skipping all of the remaining tests.",
                "estack": "TypeError: Cannot read property 'addCommand' of undefined\n\nBecause this error occurred during a `before each` hook we are skipping all of the remaining tests.\n    at Test.addCommand (https://dasa.com.br/__cypress/runner/cypress_runner.js:184448:12)\n    at https://dasa.com.br/__cypress/runner/cypress_runner.js:183947:27\n    at RunnablesStore._withTest (https://dasa.com.br/__cypress/runner/cypress_runner.js:183987:17)\n    at RunnablesStore.addLog (https://dasa.com.br/__cypress/runner/cypress_runner.js:183946:18)\n    at EventEmitter.<anonymous> (https://dasa.com.br/__cypress/runner/cypress_runner.js:182277:22)\n    at executeAction (https://dasa.com.br/__cypress/runner/cypress_runner.js:49403:13962)\n    at EventEmitter.n (https://dasa.com.br/__cypress/runner/cypress_runner.js:49403:13826)\n    at EventEmitter.emit (https://dasa.com.br/__cypress/runner/cypress_runner.js:51546:5)\n    at $Cypress.<anonymous> (https://dasa.com.br/__cypress/runner/cypress_runner.js:198287:19)\n    at $Cypress.../driver/node_modules/eventemitter2/lib/eventemitter2.js.EventEmitter.emit (https://dasa.com.br/__cypress/runner/cypress_runner.js:84334:19)\n    at $Cypress.parent.<computed> [as emit] (https://dasa.com.br/__cypress/runner/cypress_runner.js:170896:33)\n    at $Cypress.action (https://dasa.com.br/__cypress/runner/cypress_runner.js:164473:28)\n    at trigger (https://dasa.com.br/__cypress/runner/cypress_runner.js:171908:22)\n    at triggerLog (https://dasa.com.br/__cypress/runner/cypress_runner.js:171914:12)\n    at $Cypress.logFn [as log] (https://dasa.com.br/__cypress/runner/cypress_runner.js:171983:5)\n    at logFn (https://dasa.com.br/__cypress/runner/cypress_runner.js:164258:26)",
                "diff": null
              },
              "uuid": "d234d25c-b6ea-4e2c-a587-b3c89bf9efae",
              "parentUUID": "29eac57c-440d-4345-aa55-4bdc8d2aace3",
              "isHook": false,
              "skipped": false
            }
          ],
          "suites": [],
          "passes": [
            "3fcc6c3d-8833-4a65-bf1f-34a32e1f517f"
          ],
          "failures": [
            "d234d25c-b6ea-4e2c-a587-b3c89bf9efae"
          ],
          "pending": [],
          "skipped": [],
          "duration": 2720,
          "root": false,
          "rootEmpty": false,
          "_timeout": 2000
        }
      ],
      "passes": [],
      "failures": [],
      "pending": [],
      "skipped": [],
      "duration": 0,
      "root": true,
      "rootEmpty": true,
      "_timeout": 2000
    }
  ],
  "meta": {
    "mocha": {
      "version": "7.0.1"
    },
    "mochawesome": {
      "options": {
        "quiet": false,
        "reportFilename": "mochawesome",
        "saveHtml": true,
        "saveJson": true,
        "consoleReporter": "spec",
        "useInlineDiffs": false
      },
      "version": "4.1.0"
    },
    "marge": {
      "options": {
        "reportDir": "cypress/reports",
        "reportName": "Relatório Dasa",
        "reportTitle": "Report Title Test",
        "reportPageTitle": "Título da Página",
        "defaultCommandTimeout": 100000,
        "pageLoadTimeout": 900000,
        "viewportWidth": 1200,
        "requestTimeout": 90000,
        "viewportHeight": 860,
        "takePassedScreenshot": true,
        "clearOldScreenshots": true,
        "shortScrFileNames": false,
        "jsonReport": false,
        "multiReport": false,
        "timestamp": "mmddyyyy_HHMMss"
      },
      "version": "4.1.0"
    }
  }
}