{
  "stats": {
    "suites": 1,
    "tests": 2,
    "passes": 1,
    "pending": 0,
    "failures": 1,
    "start": "2020-08-10T12:59:08.832Z",
    "end": "2020-08-10T12:59:55.419Z",
    "duration": 46587,
    "testsRegistered": 2,
    "passPercent": 50,
    "pendingPercent": 0,
    "other": 0,
    "hasOther": false,
    "skipped": 0,
    "hasSkipped": false
  },
  "results": [
    {
      "uuid": "1bd08042-1d1b-4513-9346-148527e8f899",
      "title": "",
      "fullFile": "cypress\\integration\\dasa_test.js",
      "file": "cypress\\integration\\dasa_test.js",
      "beforeHooks": [],
      "afterHooks": [],
      "tests": [],
      "suites": [
        {
          "uuid": "913bda2e-c4f1-41df-97fa-4443c3b950e3",
          "title": "Dado que eu acesso a site institucional Dasa",
          "fullFile": "",
          "file": "",
          "beforeHooks": [],
          "afterHooks": [],
          "tests": [
            {
              "title": "Quando seleciono o link Nossas Marcas",
              "fullTitle": "Dado que eu acesso a site institucional Dasa Quando seleciono o link Nossas Marcas",
              "timedOut": null,
              "duration": 33147,
              "state": "passed",
              "speed": "slow",
              "pass": true,
              "fail": false,
              "pending": false,
              "context": "\"../screenshots/dasa_test.js/Dado que eu acesso a site institucional Dasa -- Quando seleciono o link Nossas Marcas.png\"",
              "code": "homePage.sel_marcas();",
              "err": {},
              "uuid": "4b05edb6-e803-4612-a420-563d0e49d55b",
              "parentUUID": "913bda2e-c4f1-41df-97fa-4443c3b950e3",
              "isHook": false,
              "skipped": false
            },
            {
              "title": "E pesquiso laboratorio localizados em São Paulo",
              "fullTitle": "Dado que eu acesso a site institucional Dasa E pesquiso laboratorio localizados em São Paulo",
              "timedOut": null,
              "duration": 13122,
              "state": "failed",
              "speed": null,
              "pass": false,
              "fail": true,
              "pending": false,
              "context": "\"../screenshots/dasa_test.js/Dado que eu acesso a site institucional Dasa -- E pesquiso laboratorio localizados em São Paulo (failed).png\"",
              "code": "nossasMarcas.imprime_labs_sp();\nnossasMarcas.clicaLab(Lab);\nnossasMarcas.valida_lab(); //nossasMarcas.clica_link_page_lab()\ncy.get('.active > .content--overlay > .overlay--link > a').invoke('attr', 'href').then(function (hrefLink) {\n  //console.log(values)\n  cy.request({\n    method: 'GET',\n    url: hrefLink,\n    headers: {},\n    body: {},\n    resp: []\n  }).then(function (resp) {\n    expect(resp).property('status').to.equal(200);\n    console.log(resp.body);\n  });\n});",
              "err": {
                "message": "AssertionError: Timed out retrying: Expected to find element: `#block-28 > .marca--list-wrap`, but never found it.",
                "estack": "AssertionError: Timed out retrying: Expected to find element: `#block-28 > .marca--list-wrap`, but never found it.\n    at Object.imprime_labs_sp (https://dasa.com.br/__cypress/tests?p=cypress\\integration\\dasa_test.js:107:6)\n    at Context.eval (https://dasa.com.br/__cypress/tests?p=cypress\\integration\\dasa_test.js:44:18)",
                "diff": null
              },
              "uuid": "6d876398-8c0d-4ba0-bc29-baddda4091dc",
              "parentUUID": "913bda2e-c4f1-41df-97fa-4443c3b950e3",
              "isHook": false,
              "skipped": false
            }
          ],
          "suites": [],
          "passes": [
            "4b05edb6-e803-4612-a420-563d0e49d55b"
          ],
          "failures": [
            "6d876398-8c0d-4ba0-bc29-baddda4091dc"
          ],
          "pending": [],
          "skipped": [],
          "duration": 46269,
          "root": false,
          "rootEmpty": false,
          "_timeout": 2000
        }
      ],
      "passes": [],
      "failures": [],
      "pending": [],
      "skipped": [],
      "duration": 0,
      "root": true,
      "rootEmpty": true,
      "_timeout": 2000
    }
  ],
  "meta": {
    "mocha": {
      "version": "7.0.1"
    },
    "mochawesome": {
      "options": {
        "quiet": false,
        "reportFilename": "mochawesome",
        "saveHtml": true,
        "saveJson": true,
        "consoleReporter": "spec",
        "useInlineDiffs": false
      },
      "version": "4.1.0"
    },
    "marge": {
      "options": {
        "reportDir": "cypress/reports",
        "reportName": "Relatório Dasa",
        "reportTitle": "Report Title Test",
        "reportPageTitle": "Título da Página",
        "defaultCommandTimeout": 100000,
        "pageLoadTimeout": 900000,
        "viewportWidth": 1200,
        "requestTimeout": 90000,
        "viewportHeight": 860,
        "takePassedScreenshot": true,
        "clearOldScreenshots": true,
        "shortScrFileNames": false,
        "jsonReport": false,
        "multiReport": false,
        "timestamp": "mmddyyyy_HHMMss"
      },
      "version": "4.1.0"
    }
  }
}