{
  "stats": {
    "suites": 1,
    "tests": 1,
    "passes": 1,
    "pending": 0,
    "failures": 0,
    "start": "2020-08-10T05:27:05.325Z",
    "end": "2020-08-10T05:27:38.893Z",
    "duration": 33568,
    "testsRegistered": 1,
    "passPercent": 100,
    "pendingPercent": 0,
    "other": 0,
    "hasOther": false,
    "skipped": 0,
    "hasSkipped": false
  },
  "results": [
    {
      "uuid": "a583444c-a2e7-4a25-b7d7-b8ee39785726",
      "title": "",
      "fullFile": "cypress\\integration\\dasa_test.js",
      "file": "cypress\\integration\\dasa_test.js",
      "beforeHooks": [],
      "afterHooks": [],
      "tests": [],
      "suites": [
        {
          "uuid": "05480dbc-ea04-46fb-b2fc-013bc224e03c",
          "title": "Desafio Dasa",
          "fullFile": "",
          "file": "",
          "beforeHooks": [],
          "afterHooks": [],
          "tests": [
            {
              "title": "Deve direcionar para laboratório especifico",
              "fullTitle": "Desafio Dasa Deve direcionar para laboratório especifico",
              "timedOut": null,
              "duration": 33353,
              "state": "passed",
              "speed": "slow",
              "pass": true,
              "fail": false,
              "pending": false,
              "context": "\"../screenshots/dasa_test.js/Desafio Dasa -- Deve direcionar para laboratório especifico.png\"",
              "code": "homePage.sel_marcas();\nnossasMarcas.imprime_labs_sp();\nnossasMarcas.clicaLab(Lab);\nnossasMarcas.valida_lab(); //homePage.clica_link_page_lab()\ncy.get('.active > .content--overlay > .overlay--link > a').invoke('attr', 'href').then(function (hrefLink) {\n  //console.log(values)\n  cy.request({\n    method: 'GET',\n    url: hrefLink,\n    headers: {},\n    body: {},\n    resp: []\n  }).then(function (resp) {\n    expect(resp).property('status').to.equal(200);\n    console.log(resp.body);\n  });\n});",
              "err": {},
              "uuid": "483c53b7-6a72-4115-81f5-3b9aff48fb15",
              "parentUUID": "05480dbc-ea04-46fb-b2fc-013bc224e03c",
              "isHook": false,
              "skipped": false
            }
          ],
          "suites": [],
          "passes": [
            "483c53b7-6a72-4115-81f5-3b9aff48fb15"
          ],
          "failures": [],
          "pending": [],
          "skipped": [],
          "duration": 33353,
          "root": false,
          "rootEmpty": false,
          "_timeout": 2000
        }
      ],
      "passes": [],
      "failures": [],
      "pending": [],
      "skipped": [],
      "duration": 0,
      "root": true,
      "rootEmpty": true,
      "_timeout": 2000
    }
  ],
  "meta": {
    "mocha": {
      "version": "7.0.1"
    },
    "mochawesome": {
      "options": {
        "quiet": false,
        "reportFilename": "mochawesome",
        "saveHtml": true,
        "saveJson": true,
        "consoleReporter": "spec",
        "useInlineDiffs": false
      },
      "version": "4.1.0"
    },
    "marge": {
      "options": {
        "reportDir": "cypress/reports",
        "reportName": "Relatório Dasa",
        "reportTitle": "Report Title Test",
        "reportPageTitle": "Título da Página",
        "defaultCommandTimeout": 100000,
        "pageLoadTimeout": 900000,
        "viewportWidth": 1200,
        "requestTimeout": 90000,
        "viewportHeight": 860,
        "takePassedScreenshot": true,
        "clearOldScreenshots": true,
        "shortScrFileNames": false,
        "jsonReport": false,
        "multiReport": false,
        "timestamp": "mmddyyyy_HHMMss"
      },
      "version": "4.1.0"
    }
  }
}